<?xml version="1.0" encoding="UTF-8"?>
<testsuite xmlns:xsi="http://www.w3.org/2001/XMLSchema-instance" xsi:noNamespaceSchemaLocation="https://maven.apache.org/surefire/maven-surefire-plugin/xsd/surefire-test-report.xsd" name="TestSuite" time="0.321" tests="0" errors="0" skipped="0" failures="0">
  <properties>
    <property name="sun.desktop" value="windows"/>
    <property name="awt.toolkit" value="sun.awt.windows.WToolkit"/>
    <property name="file.encoding.pkg" value="sun.io"/>
    <property name="java.specification.version" value="1.8"/>
    <property name="sun.cpu.isalist" value="amd64"/>
    <property name="sun.jnu.encoding" value="GBK"/>
    <property name="java.class.path" value="D:\workspace\kongMing\target\test-classes;D:\workspace\kongMing\target\classes;D:\apache-maven-3.8.1\local\org\apache\httpcomponents\httpclient\4.5.5\httpclient-4.5.5.jar;D:\apache-maven-3.8.1\local\org\apache\httpcomponents\httpcore\4.4.10\httpcore-4.4.10.jar;D:\apache-maven-3.8.1\local\commons-codec\commons-codec\1.11\commons-codec-1.11.jar;D:\apache-maven-3.8.1\local\com\alibaba\fastjson\1.2.47\fastjson-1.2.47.jar;D:\apache-maven-3.8.1\local\org\testng\testng\6.10\testng-6.10.jar;D:\apache-maven-3.8.1\local\com\beust\jcommander\1.48\jcommander-1.48.jar;D:\apache-maven-3.8.1\local\com\aventstack\extentreports\3.0.6\extentreports-3.0.6.jar;D:\apache-maven-3.8.1\local\org\freemarker\freemarker\2.3.28\freemarker-2.3.28.jar;D:\apache-maven-3.8.1\local\org\mongodb\mongodb-driver\3.8.2\mongodb-driver-3.8.2.jar;D:\apache-maven-3.8.1\local\org\mongodb\bson\3.8.2\bson-3.8.2.jar;D:\apache-maven-3.8.1\local\org\mongodb\mongodb-driver-core\3.8.2\mongodb-driver-core-3.8.2.jar;D:\apache-maven-3.8.1\local\org\apache\httpcomponents\httpmime\4.5.6\httpmime-4.5.6.jar;D:\apache-maven-3.8.1\local\org\jsoup\jsoup\1.9.2\jsoup-1.9.2.jar;D:\apache-maven-3.8.1\local\org\mybatis\mybatis\3.4.6\mybatis-3.4.6.jar;D:\apache-maven-3.8.1\local\org\projectlombok\lombok\1.18.2\lombok-1.18.2.jar;D:\apache-maven-3.8.1\local\mysql\mysql-connector-java\5.1.6\mysql-connector-java-5.1.6.jar;D:\apache-maven-3.8.1\local\org\slf4j\slf4j-log4j12\1.7.29\slf4j-log4j12-1.7.29.jar;D:\apache-maven-3.8.1\local\org\slf4j\slf4j-api\1.7.25\slf4j-api-1.7.25.jar;D:\apache-maven-3.8.1\local\log4j\log4j\1.2.17\log4j-1.2.17.jar;D:\apache-maven-3.8.1\local\org\json\json\20180813\json-20180813.jar;D:\apache-maven-3.8.1\local\org\springframework\boot\spring-boot-starter\2.1.1.RELEASE\spring-boot-starter-2.1.1.RELEASE.jar;D:\apache-maven-3.8.1\local\org\springframework\boot\spring-boot\2.1.1.RELEASE\spring-boot-2.1.1.RELEASE.jar;D:\apache-maven-3.8.1\local\org\springframework\boot\spring-boot-autoconfigure\2.1.1.RELEASE\spring-boot-autoconfigure-2.1.1.RELEASE.jar;D:\apache-maven-3.8.1\local\org\springframework\boot\spring-boot-starter-logging\2.1.1.RELEASE\spring-boot-starter-logging-2.1.1.RELEASE.jar;D:\apache-maven-3.8.1\local\org\apache\logging\log4j\log4j-to-slf4j\2.11.1\log4j-to-slf4j-2.11.1.jar;D:\apache-maven-3.8.1\local\org\apache\logging\log4j\log4j-api\2.11.1\log4j-api-2.11.1.jar;D:\apache-maven-3.8.1\local\org\slf4j\jul-to-slf4j\1.7.25\jul-to-slf4j-1.7.25.jar;D:\apache-maven-3.8.1\local\javax\annotation\javax.annotation-api\1.3.2\javax.annotation-api-1.3.2.jar;D:\apache-maven-3.8.1\local\org\springframework\spring-core\5.1.3.RELEASE\spring-core-5.1.3.RELEASE.jar;D:\apache-maven-3.8.1\local\org\springframework\spring-jcl\5.1.3.RELEASE\spring-jcl-5.1.3.RELEASE.jar;D:\apache-maven-3.8.1\local\org\yaml\snakeyaml\1.23\snakeyaml-1.23.jar;D:\apache-maven-3.8.1\local\org\springframework\boot\spring-boot-starter-web\2.1.1.RELEASE\spring-boot-starter-web-2.1.1.RELEASE.jar;D:\apache-maven-3.8.1\local\org\springframework\boot\spring-boot-starter-json\2.1.1.RELEASE\spring-boot-starter-json-2.1.1.RELEASE.jar;D:\apache-maven-3.8.1\local\com\fasterxml\jackson\core\jackson-databind\2.9.7\jackson-databind-2.9.7.jar;D:\apache-maven-3.8.1\local\com\fasterxml\jackson\core\jackson-annotations\2.9.0\jackson-annotations-2.9.0.jar;D:\apache-maven-3.8.1\local\com\fasterxml\jackson\core\jackson-core\2.9.7\jackson-core-2.9.7.jar;D:\apache-maven-3.8.1\local\com\fasterxml\jackson\datatype\jackson-datatype-jdk8\2.9.7\jackson-datatype-jdk8-2.9.7.jar;D:\apache-maven-3.8.1\local\com\fasterxml\jackson\datatype\jackson-datatype-jsr310\2.9.7\jackson-datatype-jsr310-2.9.7.jar;D:\apache-maven-3.8.1\local\com\fasterxml\jackson\module\jackson-module-parameter-names\2.9.7\jackson-module-parameter-names-2.9.7.jar;D:\apache-maven-3.8.1\local\org\springframework\boot\spring-boot-starter-tomcat\2.1.1.RELEASE\spring-boot-starter-tomcat-2.1.1.RELEASE.jar;D:\apache-maven-3.8.1\local\org\apache\tomcat\embed\tomcat-embed-core\9.0.13\tomcat-embed-core-9.0.13.jar;D:\apache-maven-3.8.1\local\org\apache\tomcat\embed\tomcat-embed-el\9.0.13\tomcat-embed-el-9.0.13.jar;D:\apache-maven-3.8.1\local\org\apache\tomcat\embed\tomcat-embed-websocket\9.0.13\tomcat-embed-websocket-9.0.13.jar;D:\apache-maven-3.8.1\local\org\hibernate\validator\hibernate-validator\6.0.13.Final\hibernate-validator-6.0.13.Final.jar;D:\apache-maven-3.8.1\local\javax\validation\validation-api\2.0.1.Final\validation-api-2.0.1.Final.jar;D:\apache-maven-3.8.1\local\org\jboss\logging\jboss-logging\3.3.2.Final\jboss-logging-3.3.2.Final.jar;D:\apache-maven-3.8.1\local\com\fasterxml\classmate\1.4.0\classmate-1.4.0.jar;D:\apache-maven-3.8.1\local\org\springframework\spring-web\5.1.3.RELEASE\spring-web-5.1.3.RELEASE.jar;D:\apache-maven-3.8.1\local\org\springframework\spring-beans\5.1.3.RELEASE\spring-beans-5.1.3.RELEASE.jar;D:\apache-maven-3.8.1\local\org\springframework\spring-webmvc\5.1.3.RELEASE\spring-webmvc-5.1.3.RELEASE.jar;D:\apache-maven-3.8.1\local\org\springframework\spring-aop\5.1.3.RELEASE\spring-aop-5.1.3.RELEASE.jar;D:\apache-maven-3.8.1\local\org\springframework\spring-expression\5.1.3.RELEASE\spring-expression-5.1.3.RELEASE.jar;D:\apache-maven-3.8.1\local\org\springframework\boot\spring-boot-starter-thymeleaf\2.1.1.RELEASE\spring-boot-starter-thymeleaf-2.1.1.RELEASE.jar;D:\apache-maven-3.8.1\local\org\thymeleaf\thymeleaf-spring5\3.0.11.RELEASE\thymeleaf-spring5-3.0.11.RELEASE.jar;D:\apache-maven-3.8.1\local\org\thymeleaf\thymeleaf\3.0.11.RELEASE\thymeleaf-3.0.11.RELEASE.jar;D:\apache-maven-3.8.1\local\org\attoparser\attoparser\2.0.5.RELEASE\attoparser-2.0.5.RELEASE.jar;D:\apache-maven-3.8.1\local\org\unbescape\unbescape\1.1.6.RELEASE\unbescape-1.1.6.RELEASE.jar;D:\apache-maven-3.8.1\local\org\thymeleaf\extras\thymeleaf-extras-java8time\3.0.2.RELEASE\thymeleaf-extras-java8time-3.0.2.RELEASE.jar;D:\apache-maven-3.8.1\local\org\seleniumhq\selenium\selenium-java\3.141.59\selenium-java-3.141.59.jar;D:\apache-maven-3.8.1\local\org\seleniumhq\selenium\selenium-api\3.14.0\selenium-api-3.14.0.jar;D:\apache-maven-3.8.1\local\org\seleniumhq\selenium\selenium-chrome-driver\3.14.0\selenium-chrome-driver-3.14.0.jar;D:\apache-maven-3.8.1\local\org\seleniumhq\selenium\selenium-edge-driver\3.14.0\selenium-edge-driver-3.14.0.jar;D:\apache-maven-3.8.1\local\org\seleniumhq\selenium\selenium-firefox-driver\3.14.0\selenium-firefox-driver-3.14.0.jar;D:\apache-maven-3.8.1\local\org\seleniumhq\selenium\selenium-ie-driver\3.14.0\selenium-ie-driver-3.14.0.jar;D:\apache-maven-3.8.1\local\org\seleniumhq\selenium\selenium-opera-driver\3.14.0\selenium-opera-driver-3.14.0.jar;D:\apache-maven-3.8.1\local\org\seleniumhq\selenium\selenium-remote-driver\3.14.0\selenium-remote-driver-3.14.0.jar;D:\apache-maven-3.8.1\local\org\seleniumhq\selenium\selenium-safari-driver\3.14.0\selenium-safari-driver-3.14.0.jar;D:\apache-maven-3.8.1\local\net\bytebuddy\byte-buddy\1.9.5\byte-buddy-1.9.5.jar;D:\apache-maven-3.8.1\local\org\apache\commons\commons-exec\1.3\commons-exec-1.3.jar;D:\apache-maven-3.8.1\local\com\google\guava\guava\25.0-jre\guava-25.0-jre.jar;D:\apache-maven-3.8.1\local\com\google\code\findbugs\jsr305\1.3.9\jsr305-1.3.9.jar;D:\apache-maven-3.8.1\local\org\checkerframework\checker-compat-qual\2.0.0\checker-compat-qual-2.0.0.jar;D:\apache-maven-3.8.1\local\com\google\errorprone\error_prone_annotations\2.1.3\error_prone_annotations-2.1.3.jar;D:\apache-maven-3.8.1\local\com\google\j2objc\j2objc-annotations\1.1\j2objc-annotations-1.1.jar;D:\apache-maven-3.8.1\local\org\codehaus\mojo\animal-sniffer-annotations\1.14\animal-sniffer-annotations-1.14.jar;D:\apache-maven-3.8.1\local\com\squareup\okhttp3\okhttp\3.11.0\okhttp-3.11.0.jar;D:\apache-maven-3.8.1\local\com\squareup\okio\okio\1.14.0\okio-1.14.0.jar;D:\apache-maven-3.8.1\local\org\apache\commons\commons-lang3\3.5\commons-lang3-3.5.jar;D:\apache-maven-3.8.1\local\org\seleniumhq\selenium\selenium-leg-rc\3.141.59\selenium-leg-rc-3.141.59.jar;D:\apache-maven-3.8.1\local\org\apache\ant\ant\1.9.9\ant-1.9.9.jar;D:\apache-maven-3.8.1\local\org\apache\ant\ant-launcher\1.9.9\ant-launcher-1.9.9.jar;D:\apache-maven-3.8.1\local\org\hamcrest\hamcrest-core\1.3\hamcrest-core-1.3.jar;D:\apache-maven-3.8.1\local\org\seleniumhq\selenium\jetty-repacked\9.4.12.v20180830\jetty-repacked-9.4.12.v20180830.jar;D:\apache-maven-3.8.1\local\junit\junit\4.12\junit-4.12.jar;D:\apache-maven-3.8.1\local\javax\servlet\javax.servlet-api\4.0.1\javax.servlet-api-4.0.1.jar;D:\apache-maven-3.8.1\local\org\apache\poi\poi-ooxml\3.10-FINAL\poi-ooxml-3.10-FINAL.jar;D:\apache-maven-3.8.1\local\org\apache\poi\poi\3.10-FINAL\poi-3.10-FINAL.jar;D:\apache-maven-3.8.1\local\org\apache\poi\poi-ooxml-schemas\3.10-FINAL\poi-ooxml-schemas-3.10-FINAL.jar;D:\apache-maven-3.8.1\local\org\apache\xmlbeans\xmlbeans\2.3.0\xmlbeans-2.3.0.jar;D:\apache-maven-3.8.1\local\stax\stax-api\1.0.1\stax-api-1.0.1.jar;D:\apache-maven-3.8.1\local\dom4j\dom4j\1.6.1\dom4j-1.6.1.jar;D:\apache-maven-3.8.1\local\velocity\velocity-dep\1.4\velocity-dep-1.4.jar;D:\apache-maven-3.8.1\local\com\google\inject\guice\4.0\guice-4.0.jar;D:\apache-maven-3.8.1\local\javax\inject\javax.inject\1\javax.inject-1.jar;D:\apache-maven-3.8.1\local\aopalliance\aopalliance\1.0\aopalliance-1.0.jar;D:\apache-maven-3.8.1\local\commons-io\commons-io\2.5\commons-io-2.5.jar;D:\apache-maven-3.8.1\local\org\seleniumhq\selenium\selenium-support\3.141.59\selenium-support-3.141.59.jar;D:\apache-maven-3.8.1\local\io\appium\java-client\5.0.0-BETA5\java-client-5.0.0-BETA5.jar;D:\apache-maven-3.8.1\local\com\google\code\gson\gson\2.8.5\gson-2.8.5.jar;D:\apache-maven-3.8.1\local\cglib\cglib\3.2.4\cglib-3.2.4.jar;D:\apache-maven-3.8.1\local\org\ow2\asm\asm\5.1\asm-5.1.jar;D:\apache-maven-3.8.1\local\org\springframework\spring-context\5.1.3.RELEASE\spring-context-5.1.3.RELEASE.jar;D:\apache-maven-3.8.1\local\org\aspectj\aspectjweaver\1.9.2\aspectjweaver-1.9.2.jar;D:\apache-maven-3.8.1\local\commons-validator\commons-validator\1.5.1\commons-validator-1.5.1.jar;D:\apache-maven-3.8.1\local\commons-beanutils\commons-beanutils\1.9.2\commons-beanutils-1.9.2.jar;D:\apache-maven-3.8.1\local\commons-digester\commons-digester\1.8.1\commons-digester-1.8.1.jar;D:\apache-maven-3.8.1\local\commons-logging\commons-logging\1.2\commons-logging-1.2.jar;D:\apache-maven-3.8.1\local\commons-collections\commons-collections\3.2.2\commons-collections-3.2.2.jar;"/>
    <property name="java.vm.vendor" value="Oracle Corporation"/>
    <property name="sun.arch.data.model" value="64"/>
    <property name="user.variant" value=""/>
    <property name="java.vendor.url" value="http://java.oracle.com/"/>
    <property name="user.timezone" value="Asia/Shanghai"/>
    <property name="java.vm.specification.version" value="1.8"/>
    <property name="os.name" value="Windows 10"/>
    <property name="user.country" value="CN"/>
    <property name="sun.java.launcher" value="SUN_STANDARD"/>
    <property name="sun.boot.library.path" value="D:\software\Java\jdk1.8.0_291\jre\bin"/>
    <property name="sun.java.command" value="C:\Users\wy\AppData\Local\Temp\surefire8266785578071299482\surefirebooter4482824887078337737.jar C:\Users\wy\AppData\Local\Temp\surefire8266785578071299482 2021-07-29T11-43-07_364-jvmRun1 surefire4630086754723529323tmp surefire_09218774110631312739tmp"/>
    <property name="surefire.test.class.path" value="D:\workspace\kongMing\target\test-classes;D:\workspace\kongMing\target\classes;D:\apache-maven-3.8.1\local\org\apache\httpcomponents\httpclient\4.5.5\httpclient-4.5.5.jar;D:\apache-maven-3.8.1\local\org\apache\httpcomponents\httpcore\4.4.10\httpcore-4.4.10.jar;D:\apache-maven-3.8.1\local\commons-codec\commons-codec\1.11\commons-codec-1.11.jar;D:\apache-maven-3.8.1\local\com\alibaba\fastjson\1.2.47\fastjson-1.2.47.jar;D:\apache-maven-3.8.1\local\org\testng\testng\6.10\testng-6.10.jar;D:\apache-maven-3.8.1\local\com\beust\jcommander\1.48\jcommander-1.48.jar;D:\apache-maven-3.8.1\local\com\aventstack\extentreports\3.0.6\extentreports-3.0.6.jar;D:\apache-maven-3.8.1\local\org\freemarker\freemarker\2.3.28\freemarker-2.3.28.jar;D:\apache-maven-3.8.1\local\org\mongodb\mongodb-driver\3.8.2\mongodb-driver-3.8.2.jar;D:\apache-maven-3.8.1\local\org\mongodb\bson\3.8.2\bson-3.8.2.jar;D:\apache-maven-3.8.1\local\org\mongodb\mongodb-driver-core\3.8.2\mongodb-driver-core-3.8.2.jar;D:\apache-maven-3.8.1\local\org\apache\httpcomponents\httpmime\4.5.6\httpmime-4.5.6.jar;D:\apache-maven-3.8.1\local\org\jsoup\jsoup\1.9.2\jsoup-1.9.2.jar;D:\apache-maven-3.8.1\local\org\mybatis\mybatis\3.4.6\mybatis-3.4.6.jar;D:\apache-maven-3.8.1\local\org\projectlombok\lombok\1.18.2\lombok-1.18.2.jar;D:\apache-maven-3.8.1\local\mysql\mysql-connector-java\5.1.6\mysql-connector-java-5.1.6.jar;D:\apache-maven-3.8.1\local\org\slf4j\slf4j-log4j12\1.7.29\slf4j-log4j12-1.7.29.jar;D:\apache-maven-3.8.1\local\org\slf4j\slf4j-api\1.7.25\slf4j-api-1.7.25.jar;D:\apache-maven-3.8.1\local\log4j\log4j\1.2.17\log4j-1.2.17.jar;D:\apache-maven-3.8.1\local\org\json\json\20180813\json-20180813.jar;D:\apache-maven-3.8.1\local\org\springframework\boot\spring-boot-starter\2.1.1.RELEASE\spring-boot-starter-2.1.1.RELEASE.jar;D:\apache-maven-3.8.1\local\org\springframework\boot\spring-boot\2.1.1.RELEASE\spring-boot-2.1.1.RELEASE.jar;D:\apache-maven-3.8.1\local\org\springframework\boot\spring-boot-autoconfigure\2.1.1.RELEASE\spring-boot-autoconfigure-2.1.1.RELEASE.jar;D:\apache-maven-3.8.1\local\org\springframework\boot\spring-boot-starter-logging\2.1.1.RELEASE\spring-boot-starter-logging-2.1.1.RELEASE.jar;D:\apache-maven-3.8.1\local\org\apache\logging\log4j\log4j-to-slf4j\2.11.1\log4j-to-slf4j-2.11.1.jar;D:\apache-maven-3.8.1\local\org\apache\logging\log4j\log4j-api\2.11.1\log4j-api-2.11.1.jar;D:\apache-maven-3.8.1\local\org\slf4j\jul-to-slf4j\1.7.25\jul-to-slf4j-1.7.25.jar;D:\apache-maven-3.8.1\local\javax\annotation\javax.annotation-api\1.3.2\javax.annotation-api-1.3.2.jar;D:\apache-maven-3.8.1\local\org\springframework\spring-core\5.1.3.RELEASE\spring-core-5.1.3.RELEASE.jar;D:\apache-maven-3.8.1\local\org\springframework\spring-jcl\5.1.3.RELEASE\spring-jcl-5.1.3.RELEASE.jar;D:\apache-maven-3.8.1\local\org\yaml\snakeyaml\1.23\snakeyaml-1.23.jar;D:\apache-maven-3.8.1\local\org\springframework\boot\spring-boot-starter-web\2.1.1.RELEASE\spring-boot-starter-web-2.1.1.RELEASE.jar;D:\apache-maven-3.8.1\local\org\springframework\boot\spring-boot-starter-json\2.1.1.RELEASE\spring-boot-starter-json-2.1.1.RELEASE.jar;D:\apache-maven-3.8.1\local\com\fasterxml\jackson\core\jackson-databind\2.9.7\jackson-databind-2.9.7.jar;D:\apache-maven-3.8.1\local\com\fasterxml\jackson\core\jackson-annotations\2.9.0\jackson-annotations-2.9.0.jar;D:\apache-maven-3.8.1\local\com\fasterxml\jackson\core\jackson-core\2.9.7\jackson-core-2.9.7.jar;D:\apache-maven-3.8.1\local\com\fasterxml\jackson\datatype\jackson-datatype-jdk8\2.9.7\jackson-datatype-jdk8-2.9.7.jar;D:\apache-maven-3.8.1\local\com\fasterxml\jackson\datatype\jackson-datatype-jsr310\2.9.7\jackson-datatype-jsr310-2.9.7.jar;D:\apache-maven-3.8.1\local\com\fasterxml\jackson\module\jackson-module-parameter-names\2.9.7\jackson-module-parameter-names-2.9.7.jar;D:\apache-maven-3.8.1\local\org\springframework\boot\spring-boot-starter-tomcat\2.1.1.RELEASE\spring-boot-starter-tomcat-2.1.1.RELEASE.jar;D:\apache-maven-3.8.1\local\org\apache\tomcat\embed\tomcat-embed-core\9.0.13\tomcat-embed-core-9.0.13.jar;D:\apache-maven-3.8.1\local\org\apache\tomcat\embed\tomcat-embed-el\9.0.13\tomcat-embed-el-9.0.13.jar;D:\apache-maven-3.8.1\local\org\apache\tomcat\embed\tomcat-embed-websocket\9.0.13\tomcat-embed-websocket-9.0.13.jar;D:\apache-maven-3.8.1\local\org\hibernate\validator\hibernate-validator\6.0.13.Final\hibernate-validator-6.0.13.Final.jar;D:\apache-maven-3.8.1\local\javax\validation\validation-api\2.0.1.Final\validation-api-2.0.1.Final.jar;D:\apache-maven-3.8.1\local\org\jboss\logging\jboss-logging\3.3.2.Final\jboss-logging-3.3.2.Final.jar;D:\apache-maven-3.8.1\local\com\fasterxml\classmate\1.4.0\classmate-1.4.0.jar;D:\apache-maven-3.8.1\local\org\springframework\spring-web\5.1.3.RELEASE\spring-web-5.1.3.RELEASE.jar;D:\apache-maven-3.8.1\local\org\springframework\spring-beans\5.1.3.RELEASE\spring-beans-5.1.3.RELEASE.jar;D:\apache-maven-3.8.1\local\org\springframework\spring-webmvc\5.1.3.RELEASE\spring-webmvc-5.1.3.RELEASE.jar;D:\apache-maven-3.8.1\local\org\springframework\spring-aop\5.1.3.RELEASE\spring-aop-5.1.3.RELEASE.jar;D:\apache-maven-3.8.1\local\org\springframework\spring-expression\5.1.3.RELEASE\spring-expression-5.1.3.RELEASE.jar;D:\apache-maven-3.8.1\local\org\springframework\boot\spring-boot-starter-thymeleaf\2.1.1.RELEASE\spring-boot-starter-thymeleaf-2.1.1.RELEASE.jar;D:\apache-maven-3.8.1\local\org\thymeleaf\thymeleaf-spring5\3.0.11.RELEASE\thymeleaf-spring5-3.0.11.RELEASE.jar;D:\apache-maven-3.8.1\local\org\thymeleaf\thymeleaf\3.0.11.RELEASE\thymeleaf-3.0.11.RELEASE.jar;D:\apache-maven-3.8.1\local\org\attoparser\attoparser\2.0.5.RELEASE\attoparser-2.0.5.RELEASE.jar;D:\apache-maven-3.8.1\local\org\unbescape\unbescape\1.1.6.RELEASE\unbescape-1.1.6.RELEASE.jar;D:\apache-maven-3.8.1\local\org\thymeleaf\extras\thymeleaf-extras-java8time\3.0.2.RELEASE\thymeleaf-extras-java8time-3.0.2.RELEASE.jar;D:\apache-maven-3.8.1\local\org\seleniumhq\selenium\selenium-java\3.141.59\selenium-java-3.141.59.jar;D:\apache-maven-3.8.1\local\org\seleniumhq\selenium\selenium-api\3.14.0\selenium-api-3.14.0.jar;D:\apache-maven-3.8.1\local\org\seleniumhq\selenium\selenium-chrome-driver\3.14.0\selenium-chrome-driver-3.14.0.jar;D:\apache-maven-3.8.1\local\org\seleniumhq\selenium\selenium-edge-driver\3.14.0\selenium-edge-driver-3.14.0.jar;D:\apache-maven-3.8.1\local\org\seleniumhq\selenium\selenium-firefox-driver\3.14.0\selenium-firefox-driver-3.14.0.jar;D:\apache-maven-3.8.1\local\org\seleniumhq\selenium\selenium-ie-driver\3.14.0\selenium-ie-driver-3.14.0.jar;D:\apache-maven-3.8.1\local\org\seleniumhq\selenium\selenium-opera-driver\3.14.0\selenium-opera-driver-3.14.0.jar;D:\apache-maven-3.8.1\local\org\seleniumhq\selenium\selenium-remote-driver\3.14.0\selenium-remote-driver-3.14.0.jar;D:\apache-maven-3.8.1\local\org\seleniumhq\selenium\selenium-safari-driver\3.14.0\selenium-safari-driver-3.14.0.jar;D:\apache-maven-3.8.1\local\net\bytebuddy\byte-buddy\1.9.5\byte-buddy-1.9.5.jar;D:\apache-maven-3.8.1\local\org\apache\commons\commons-exec\1.3\commons-exec-1.3.jar;D:\apache-maven-3.8.1\local\com\google\guava\guava\25.0-jre\guava-25.0-jre.jar;D:\apache-maven-3.8.1\local\com\google\code\findbugs\jsr305\1.3.9\jsr305-1.3.9.jar;D:\apache-maven-3.8.1\local\org\checkerframework\checker-compat-qual\2.0.0\checker-compat-qual-2.0.0.jar;D:\apache-maven-3.8.1\local\com\google\errorprone\error_prone_annotations\2.1.3\error_prone_annotations-2.1.3.jar;D:\apache-maven-3.8.1\local\com\google\j2objc\j2objc-annotations\1.1\j2objc-annotations-1.1.jar;D:\apache-maven-3.8.1\local\org\codehaus\mojo\animal-sniffer-annotations\1.14\animal-sniffer-annotations-1.14.jar;D:\apache-maven-3.8.1\local\com\squareup\okhttp3\okhttp\3.11.0\okhttp-3.11.0.jar;D:\apache-maven-3.8.1\local\com\squareup\okio\okio\1.14.0\okio-1.14.0.jar;D:\apache-maven-3.8.1\local\org\apache\commons\commons-lang3\3.5\commons-lang3-3.5.jar;D:\apache-maven-3.8.1\local\org\seleniumhq\selenium\selenium-leg-rc\3.141.59\selenium-leg-rc-3.141.59.jar;D:\apache-maven-3.8.1\local\org\apache\ant\ant\1.9.9\ant-1.9.9.jar;D:\apache-maven-3.8.1\local\org\apache\ant\ant-launcher\1.9.9\ant-launcher-1.9.9.jar;D:\apache-maven-3.8.1\local\org\hamcrest\hamcrest-core\1.3\hamcrest-core-1.3.jar;D:\apache-maven-3.8.1\local\org\seleniumhq\selenium\jetty-repacked\9.4.12.v20180830\jetty-repacked-9.4.12.v20180830.jar;D:\apache-maven-3.8.1\local\junit\junit\4.12\junit-4.12.jar;D:\apache-maven-3.8.1\local\javax\servlet\javax.servlet-api\4.0.1\javax.servlet-api-4.0.1.jar;D:\apache-maven-3.8.1\local\org\apache\poi\poi-ooxml\3.10-FINAL\poi-ooxml-3.10-FINAL.jar;D:\apache-maven-3.8.1\local\org\apache\poi\poi\3.10-FINAL\poi-3.10-FINAL.jar;D:\apache-maven-3.8.1\local\org\apache\poi\poi-ooxml-schemas\3.10-FINAL\poi-ooxml-schemas-3.10-FINAL.jar;D:\apache-maven-3.8.1\local\org\apache\xmlbeans\xmlbeans\2.3.0\xmlbeans-2.3.0.jar;D:\apache-maven-3.8.1\local\stax\stax-api\1.0.1\stax-api-1.0.1.jar;D:\apache-maven-3.8.1\local\dom4j\dom4j\1.6.1\dom4j-1.6.1.jar;D:\apache-maven-3.8.1\local\velocity\velocity-dep\1.4\velocity-dep-1.4.jar;D:\apache-maven-3.8.1\local\com\google\inject\guice\4.0\guice-4.0.jar;D:\apache-maven-3.8.1\local\javax\inject\javax.inject\1\javax.inject-1.jar;D:\apache-maven-3.8.1\local\aopalliance\aopalliance\1.0\aopalliance-1.0.jar;D:\apache-maven-3.8.1\local\commons-io\commons-io\2.5\commons-io-2.5.jar;D:\apache-maven-3.8.1\local\org\seleniumhq\selenium\selenium-support\3.141.59\selenium-support-3.141.59.jar;D:\apache-maven-3.8.1\local\io\appium\java-client\5.0.0-BETA5\java-client-5.0.0-BETA5.jar;D:\apache-maven-3.8.1\local\com\google\code\gson\gson\2.8.5\gson-2.8.5.jar;D:\apache-maven-3.8.1\local\cglib\cglib\3.2.4\cglib-3.2.4.jar;D:\apache-maven-3.8.1\local\org\ow2\asm\asm\5.1\asm-5.1.jar;D:\apache-maven-3.8.1\local\org\springframework\spring-context\5.1.3.RELEASE\spring-context-5.1.3.RELEASE.jar;D:\apache-maven-3.8.1\local\org\aspectj\aspectjweaver\1.9.2\aspectjweaver-1.9.2.jar;D:\apache-maven-3.8.1\local\commons-validator\commons-validator\1.5.1\commons-validator-1.5.1.jar;D:\apache-maven-3.8.1\local\commons-beanutils\commons-beanutils\1.9.2\commons-beanutils-1.9.2.jar;D:\apache-maven-3.8.1\local\commons-digester\commons-digester\1.8.1\commons-digester-1.8.1.jar;D:\apache-maven-3.8.1\local\commons-logging\commons-logging\1.2\commons-logging-1.2.jar;D:\apache-maven-3.8.1\local\commons-collections\commons-collections\3.2.2\commons-collections-3.2.2.jar;"/>
    <property name="sun.cpu.endian" value="little"/>
    <property name="user.home" value="C:\Users\wy"/>
    <property name="user.language" value="zh"/>
    <property name="java.specification.vendor" value="Oracle Corporation"/>
    <property name="java.home" value="D:\software\Java\jdk1.8.0_291\jre"/>
    <property name="basedir" value="D:\workspace\kongMing"/>
    <property name="file.separator" value="\"/>
    <property name="line.separator" value="&#10;"/>
    <property name="java.vm.specification.vendor" value="Oracle Corporation"/>
    <property name="java.specification.name" value="Java Platform API Specification"/>
    <property name="java.awt.graphicsenv" value="sun.awt.Win32GraphicsEnvironment"/>
    <property name="surefire.real.class.path" value="C:\Users\wy\AppData\Local\Temp\surefire8266785578071299482\surefirebooter4482824887078337737.jar"/>
    <property name="sun.boot.class.path" value="D:\software\Java\jdk1.8.0_291\jre\lib\resources.jar;D:\software\Java\jdk1.8.0_291\jre\lib\rt.jar;D:\software\Java\jdk1.8.0_291\jre\lib\sunrsasign.jar;D:\software\Java\jdk1.8.0_291\jre\lib\jsse.jar;D:\software\Java\jdk1.8.0_291\jre\lib\jce.jar;D:\software\Java\jdk1.8.0_291\jre\lib\charsets.jar;D:\software\Java\jdk1.8.0_291\jre\lib\jfr.jar;D:\software\Java\jdk1.8.0_291\jre\classes"/>
    <property name="user.script" value=""/>
    <property name="sun.management.compiler" value="HotSpot 64-Bit Tiered Compilers"/>
    <property name="java.runtime.version" value="1.8.0_291-b10"/>
    <property name="user.name" value="wy"/>
    <property name="path.separator" value=";"/>
    <property name="os.version" value="10.0"/>
    <property name="java.endorsed.dirs" value="D:\software\Java\jdk1.8.0_291\jre\lib\endorsed"/>
    <property name="java.runtime.name" value="Java(TM) SE Runtime Environment"/>
    <property name="file.encoding" value="GBK"/>
    <property name="java.vm.name" value="Java HotSpot(TM) 64-Bit Server VM"/>
    <property name="localRepository" value="D:\apache-maven-3.8.1\local"/>
    <property name="java.vendor.url.bug" value="http://bugreport.sun.com/bugreport/"/>
    <property name="java.io.tmpdir" value="C:\Users\wy\AppData\Local\Temp\"/>
    <property name="idea.version" value="2021.1.3"/>
    <property name="java.version" value="1.8.0_291"/>
    <property name="user.dir" value="D:\workspace\kongMing"/>
    <property name="os.arch" value="amd64"/>
    <property name="java.vm.specification.name" value="Java Virtual Machine Specification"/>
    <property name="java.awt.printerjob" value="sun.awt.windows.WPrinterJob"/>
    <property name="sun.os.patch.level" value=""/>
    <property name="java.library.path" value="D:\software\Java\jdk1.8.0_291\jre\bin;C:\WINDOWS\Sun\Java\bin;C:\WINDOWS\system32;C:\WINDOWS;C:\Program Files (x86)\Common Files\Oracle\Java\javapath;D:\software\SecureCRT\;C:\Windows\system32;C:\Windows;C:\Windows\System32\Wbem;C:\Windows\System32\WindowsPowerShell\v1.0\;C:\Windows\System32\OpenSSH\;C:\Program Files (x86)\NVIDIA Corporation\PhysX\Common;C:\Program Files\dotnet\;C:\WINDOWS\system32;C:\WINDOWS;C:\WINDOWS\System32\Wbem;C:\WINDOWS\System32\WindowsPowerShell\v1.0\;C:\WINDOWS\System32\OpenSSH\;D:\apps\mysql5.7.23\bin;D:\apache-jmeter-5.4.1\bin;D:\software\Git\cmd;C:\Program Files\MySQL\MySQL Shell 8.0\bin\;C:\Users\wy\AppData\Local\Microsoft\WindowsApps;;c:\program files\esafenet\cobra docguard client;c:\$recycle.bin\s-1-5-18\$renie31\cobra docguard client;."/>
    <property name="java.vm.info" value="mixed mode"/>
    <property name="java.vendor" value="Oracle Corporation"/>
    <property name="java.vm.version" value="25.291-b10"/>
    <property name="java.ext.dirs" value="D:\software\Java\jdk1.8.0_291\jre\lib\ext;C:\WINDOWS\Sun\Java\lib\ext"/>
    <property name="sun.io.unicode.encoding" value="UnicodeLittle"/>
    <property name="maven.repo.local" value="D:\apache-maven-3.8.1\local"/>
    <property name="java.class.version" value="52.0"/>
  </properties>
</testsuite>