<?xml version="1.0" encoding="UTF-8"?>
<!-- Generated by org.testng.reporters.JUnitReportReporter -->
<testsuite name="demoTest" tests="1" time="4.439" ignored="0" failures="0" timestamp="05 十二月 2019 06:48:25 GMT" skipped="0" hostname="HRBBCF-H178" errors="0">
  <testcase name="test" time="4.439" classname="demoTest"/>
</testsuite> <!-- demoTest -->
