<?xml version="1.0" encoding="UTF-8"?>
<!-- Generated by org.testng.reporters.JUnitReportReporter -->
<testsuite name="demoTest" tests="1" time="2.363" ignored="0" failures="0" timestamp="04 十二月 2019 12:03:54 GMT" skipped="0" hostname="HRBBCF-H178" errors="0">
  <testcase name="test" time="2.363" classname="demoTest"/>
</testsuite> <!-- demoTest -->
