<?xml version="1.0" encoding="UTF-8"?>
<!-- Generated by org.testng.reporters.JUnitReportReporter -->
<testsuite name="demoTest" tests="1" time="0.771" ignored="0" failures="0" timestamp="08 十二月 2019 08:20:46 GMT" skipped="0" hostname="DEEP-2019AWBZNG" errors="0">
  <testcase name="test" time="0.771" classname="demoTest"/>
</testsuite> <!-- demoTest -->
